<?xml version="1.0" encoding="UTF-8"?>
<coverage generated="1705972754215" clover="3.2.0">
  <project timestamp="1705972754215" name="All files">
    <metrics statements="26" coveredstatements="23" conditionals="11" coveredconditionals="10" methods="2" coveredmethods="2" elements="39" coveredelements="35" complexity="0" loc="26" ncloc="26" packages="1" files="1" classes="1"/>
    <file name="CpfValidator.ts" path="/home/thiagodev/repositories/projectEcommerce/src/CpfValidator.ts">
      <metrics statements="26" coveredstatements="23" conditionals="11" coveredconditionals="10" methods="2" coveredmethods="2"/>
      <line num="2" count="1" type="stmt"/>
      <line num="4" count="11" type="cond" truecount="1" falsecount="0"/>
      <line num="5" count="9" type="cond" truecount="4" falsecount="0"/>
      <line num="6" count="8" type="stmt"/>
      <line num="11" count="16" type="cond" truecount="1" falsecount="1"/>
      <line num="12" count="8" type="stmt"/>
      <line num="17" count="8" type="stmt"/>
      <line num="18" count="8" type="stmt"/>
      <line num="19" count="8" type="stmt"/>
      <line num="20" count="72" type="stmt"/>
      <line num="21" count="72" type="stmt"/>
      <line num="23" count="72" type="stmt"/>
      <line num="25" count="8" type="stmt"/>
      <line num="26" count="8" type="cond" truecount="2" falsecount="0"/>
      <line num="27" count="8" type="stmt"/>
      <line num="28" count="8" type="stmt"/>
      <line num="29" count="8" type="cond" truecount="2" falsecount="0"/>
      <line num="30" count="4" type="stmt"/>
      <line num="32" count="4" type="stmt"/>
      <line num="33" count="8" type="stmt"/>
      <line num="34" count="8" type="stmt"/>
      <line num="35" count="8" type="stmt"/>
      <line num="37" count="0" type="stmt"/>
      <line num="39" count="0" type="stmt"/>
      <line num="41" count="0" type="stmt"/>
      <line num="43" count="1" type="stmt"/>
    </file>
  </project>
</coverage>
