{"/home/thiagodev/repositories/projectEcommerce/src/CpfValidator.ts": {"path":"/home/thiagodev/repositories/projectEcommerce/src/CpfValidator.ts","statementMap":{"0":{"start":{"line":4,"column":2},"end":{"line":44,"column":3}},"1":{"start":{"line":5,"column":4},"end":{"line":43,"column":24}},"2":{"start":{"line":6,"column":6},"end":{"line":10,"column":26}},"3":{"start":{"line":11,"column":6},"end":{"line":41,"column":null}},"4":{"start":{"line":11,"column":36},"end":{"line":11,"column":48}},"5":{"start":{"line":12,"column":8},"end":{"line":40,"column":9}},"6":{"start":{"line":17,"column":10},"end":{"line":17,"column":22}},"7":{"start":{"line":18,"column":10},"end":{"line":18,"column":31}},"8":{"start":{"line":19,"column":10},"end":{"line":24,"column":11}},"9":{"start":{"line":19,"column":28},"end":{"line":19,"column":29}},"10":{"start":{"line":20,"column":12},"end":{"line":20,"column":65}},"11":{"start":{"line":21,"column":12},"end":{"line":21,"column":45}},"12":{"start":{"line":23,"column":12},"end":{"line":23,"column":45}},"13":{"start":{"line":25,"column":10},"end":{"line":25,"column":27}},"14":{"start":{"line":26,"column":10},"end":{"line":26,"column":49}},"15":{"start":{"line":27,"column":10},"end":{"line":27,"column":24}},"16":{"start":{"line":28,"column":10},"end":{"line":28,"column":27}},"17":{"start":{"line":29,"column":10},"end":{"line":32,"column":28}},"18":{"start":{"line":30,"column":12},"end":{"line":30,"column":20}},"19":{"start":{"line":32,"column":12},"end":{"line":32,"column":28}},"20":{"start":{"line":33,"column":28},"end":{"line":33,"column":69}},"21":{"start":{"line":34,"column":10},"end":{"line":34,"column":43}},"22":{"start":{"line":35,"column":10},"end":{"line":35,"column":43}},"23":{"start":{"line":37,"column":10},"end":{"line":37,"column":38}},"24":{"start":{"line":39,"column":10},"end":{"line":39,"column":23}},"25":{"start":{"line":41,"column":13},"end":{"line":41,"column":null}},"26":{"start":{"line":43,"column":11},"end":{"line":43,"column":24}},"27":{"start":{"line":2,"column":0},"end":{"line":2,"column":16}}},"fnMap":{"0":{"name":"validate","decl":{"start":{"line":2,"column":16},"end":{"line":2,"column":24}},"loc":{"start":{"line":2,"column":28},"end":{"line":46,"column":1}}},"1":{"name":"(anonymous_1)","decl":{"start":{"line":11,"column":31},"end":{"line":11,"column":32}},"loc":{"start":{"line":11,"column":36},"end":{"line":11,"column":48}}}},"branchMap":{"0":{"loc":{"start":{"line":4,"column":2},"end":{"line":44,"column":3}},"type":"if","locations":[{"start":{"line":4,"column":2},"end":{"line":44,"column":3}}]},"1":{"loc":{"start":{"line":5,"column":4},"end":{"line":43,"column":24}},"type":"if","locations":[{"start":{"line":5,"column":4},"end":{"line":43,"column":24}},{"start":{"line":43,"column":11},"end":{"line":43,"column":24}}]},"2":{"loc":{"start":{"line":5,"column":8},"end":{"line":5,"column":44}},"type":"binary-expr","locations":[{"start":{"line":5,"column":8},"end":{"line":5,"column":24}},{"start":{"line":5,"column":28},"end":{"line":5,"column":44}}]},"3":{"loc":{"start":{"line":11,"column":6},"end":{"line":41,"column":null}},"type":"if","locations":[{"start":{"line":11,"column":6},"end":{"line":41,"column":null}},{"start":{"line":41,"column":13},"end":{"line":41,"column":null}}]},"4":{"loc":{"start":{"line":26,"column":16},"end":{"line":26,"column":48}},"type":"cond-expr","locations":[{"start":{"line":26,"column":29},"end":{"line":26,"column":36}},{"start":{"line":26,"column":39},"end":{"line":26,"column":48}}]},"5":{"loc":{"start":{"line":29,"column":10},"end":{"line":32,"column":28}},"type":"if","locations":[{"start":{"line":29,"column":10},"end":{"line":32,"column":28}},{"start":{"line":32,"column":12},"end":{"line":32,"column":28}}]}},"s":{"0":11,"1":9,"2":8,"3":8,"4":16,"5":8,"6":8,"7":8,"8":8,"9":8,"10":72,"11":72,"12":72,"13":8,"14":8,"15":8,"16":8,"17":8,"18":4,"19":4,"20":8,"21":8,"22":8,"23":0,"24":0,"25":0,"26":1,"27":1},"f":{"0":11,"1":16},"b":{"0":[9],"1":[8,1],"2":[9,8],"3":[8,0],"4":[4,4],"5":[4,4]}}
}
