TN:
SF:src/CpfValidator.ts
FN:2,validate
FN:11,(anonymous_1)
FNF:2
FNH:2
FNDA:11,validate
FNDA:16,(anonymous_1)
DA:2,1
DA:4,11
DA:5,9
DA:6,8
DA:11,16
DA:12,8
DA:17,8
DA:18,8
DA:19,8
DA:20,72
DA:21,72
DA:23,72
DA:25,8
DA:26,8
DA:27,8
DA:28,8
DA:29,8
DA:30,4
DA:32,4
DA:33,8
DA:34,8
DA:35,8
DA:37,0
DA:39,0
DA:41,0
DA:43,1
LF:26
LH:23
BRDA:4,0,0,9
BRDA:5,1,0,8
BRDA:5,1,1,1
BRDA:5,2,0,9
BRDA:5,2,1,8
BRDA:11,3,0,8
BRDA:11,3,1,0
BRDA:26,4,0,4
BRDA:26,4,1,4
BRDA:29,5,0,4
BRDA:29,5,1,4
BRF:11
BRH:10
end_of_record
